<?xml version="1.0" encoding="UTF-8" ?>
<testsuites>
  <testsuite failures="0" hostname="ibm-anubhavgupta" id="0" name="LearningProvar/tests" package="" skipped="0" tests="0" time="8.107" timestamp="Wed Aug 28 15:07:19 IST 2024">
	    <properties>
		      <property name="excludeCallableTestCases" value="true" />

		      <property name="testEnvironment" value="" />

		      <property name="pluginOutputLevel" value="WARNING" />

		      <property name="projectPath" value=".." />

		      <property name="salesforceMetadataCache" value="Reload" />

		      <property name="resultsPathDisposition" value="Replace" />

		      <property name="testOutputLevel" value="INFO" />

		      <property name="webBrowserType" value="Chrome" />

		      <property name="resultsPath" value="../ANT/Results" />

		      <property name="webBrowserConfiguration" value="Full Screen" />

		      <property name="projectCachePath" value="C:\Users\anubhav.gupta\Provar_Workspaces\Workspace_2\LearningProvar\ANT\..\.provarCaches" />

	    </properties>

  </testsuite>
</testsuites>
